\o Program:		@(#)$CDS: libManager version 6.1.7 - CAT35 10/30/2018 21:08 (sjfnl050) $
\o Sub version:		sub-version  s231 
\o Arguments:		-mpssession virtuoso4417 -mpshost root 
\o Working Directory:	root:/home/ywang3325/Desktop/ece3150
\o 64-bit offsets
\o Qt version: 		4.8.5
\o Log file is "/home/ywang3325/Desktop/ece3150/libManager.log".
\o Opening libManager window.
\a nrSetCurrentWindow(cdsLibManager)
\a nrResizeWindow(cdsLibManager list(160 82 1271 612))
\o changeWorkingDir("/home/ywang3325/Desktop/ece3150") unnecessary.
\o ddSetForcedLib("") unnecessary.
\o MPS service: map window
\w Warning: '/home/ywang3325/Desktop/ece3150/cds.lib', Line 1: Skipping: '$CDSHOME/tools/dfII/etc/cdslib/artist/analogLib'
\o  
\w Warning: LIB avTech from File /home/ywang3325/Desktop/ece3150/cds.lib Line 9 redefines
\w LIB avTech from the same file (defined earlier.)
\w Warning: The directory: '/home/ywang3325/Desktop/ece3150/analogLib' does not exist
\w 	but was defined in libFile '/home/ywang3325/Desktop/ece3150/cds.lib' for Lib 'analogLiDEFINE'.
\o Library Manager customization server connected.
\a cdsLibManager->libListBox->value = "Lab3Part2"
\a cdsLibManager->libLineEdit->value = "Lab3Part2"
\a cdsLibManager->cellListBox->value = "FullAdder"
\a cdsLibManager->cellLineEdit->value = "FullAdder"
\a cdsLibManager->viewListBox->value = "symbol"
\a cdsLibManager->viewLineEdit->value = "symbol"
\a cdsLibManager->viewListBox->value = "schematic"
\a cdsLibManager->viewLineEdit->value = "schematic"
\a nrResizeWindow(cdsLibManager list(160 82 1441 612))
\a nrResizeWindow(cdsLibManager list(160 82 941 612))
\a cdsLibManager->cellListBox->value = "RCA16bit"
\a cdsLibManager->cellLineEdit->value = "RCA16bit"
\a cdsLibManager->viewLineEdit->value = ""
\a cdsLibManager->viewListBox->value = nil
\a cdsLibManager->viewListBox->value = "schematic"
\a cdsLibManager->viewLineEdit->value = "schematic"
\a cdsLibManager->viewListBox->value = "layout"
\a cdsLibManager->viewLineEdit->value = "layout"
\a cdsLibManager->viewListBox->value = "schematic"
\a cdsLibManager->viewLineEdit->value = "schematic"
\a cdsLibManager->viewListBox->value = nil
\a cdsLibManager->viewLineEdit->value = ""
\a cdsLibManager->viewListBox->value = "layout"
\a cdsLibManager->viewLineEdit->value = "layout"
\o MPS request: edit design
\a nrListItemAction(cdsLibManager->gdmXTView 0 0)
\a cdsLibManager->libListBox->value = nil
\a cdsLibManager->libLineEdit->value = ""
\a cdsLibManager->cellListBox->value = nil
\a cdsLibManager->viewLineEdit->value = ""
\a cdsLibManager->viewListBox->value = nil
\a cdsLibManager->cellLineEdit->value = ""
\w Warning: '/home/ywang3325/Desktop/ece3150/cds.lib', Line 1: Skipping: '$CDSHOME/tools/dfII/etc/cdslib/artist/analogLib'
\o  
\w Warning: LIB avTech from File /home/ywang3325/Desktop/ece3150/cds.lib Line 9 redefines
\w LIB avTech from the same file (defined earlier.)
\w Warning: The directory: '/home/ywang3325/Desktop/ece3150/analogLib' does not exist
\w 	but was defined in libFile '/home/ywang3325/Desktop/ece3150/cds.lib' for Lib 'analogLiDEFINE'.
\a cdsLibManager->libListBox->value = "Lab3Part2"
\a cdsLibManager->libLineEdit->value = "Lab3Part2"
\a cdsLibManager->cellListBox->value = "RCA16bit"
\a cdsLibManager->cellLineEdit->value = "RCA16bit"
\a cdsLibManager->viewListBox->value = "layout"
\a cdsLibManager->viewLineEdit->value = "layout"
\a cdsLibManager->viewLineEdit->value = ""
\a cdsLibManager->viewListBox->value = nil
\a cdsLibManager->viewListBox->value = "layout"
\a cdsLibManager->viewLineEdit->value = "layout"
\a nrSetCurrentWindow(cdsLibManager)
\a nrSetCurrentWindow(cdsLibManager)
\a cdsLibManager->viewListBox->value = "schematic"
\a cdsLibManager->viewLineEdit->value = "schematic"
\o MPS request: edit design
\a nrListItemAction(cdsLibManager->gdmXTView 1 0)
\a nrSetCurrentWindow(cdsLibManager)
\a nrSetCurrentWindow(cdsLibManager)
\a cdsLibManager->viewListBox->value = nil
\a cdsLibManager->viewLineEdit->value = ""
\a cdsLibManager->viewListBox->value = "schematic"
\a cdsLibManager->viewLineEdit->value = "schematic"
\o MPS request: edit design
\a nrListItemAction(cdsLibManager->gdmXTView 1 0)
\a nrSetCurrentWindow(cdsLibManager)
\a cdsLibManager->cellListBox->value = "FullAdderMirror"
\a cdsLibManager->cellLineEdit->value = "FullAdderMirror"
\a cdsLibManager->viewLineEdit->value = ""
\a cdsLibManager->viewListBox->value = nil
\a cdsLibManager->viewListBox->value = "schematic"
\a cdsLibManager->viewLineEdit->value = "schematic"
\a cdsLibManager->cellListBox->value = "FullAdder"
\a cdsLibManager->cellLineEdit->value = "FullAdder"
\a cdsLibManager->viewLineEdit->value = ""
\a cdsLibManager->viewListBox->value = nil
\a cdsLibManager->viewListBox->value = "schematic"
\a cdsLibManager->viewLineEdit->value = "schematic"
\a cdsLibManager->viewListBox->value = nil
\a cdsLibManager->viewLineEdit->value = ""
\a cdsLibManager->viewListBox->value = "schematic"
\a cdsLibManager->viewLineEdit->value = "schematic"
\o MPS request: edit design
\a nrListItemAction(cdsLibManager->gdmXTView 1 0)
