### Custom WaveView ADV log file, revision P-2019.06-SP1-1 (build Sep 25, ) ###
### created at 17:07:07 on Wed Mar 18 2020 (Linux AMD64) ###
### Host Name: ece-linlabsrv01.ece.gatech.edu   User ID: ywang3325   PID: 232975   ###
wv_start_log
# (0) running in waveview only mode
# (0) SW_SX_PERL_LIB defined
# (0) SW_SX_TCL_LIB defined
# (0) HOME defined
wv_move_window {Custom WaveView} {} 60 83
wv_select_window {Custom WaveView} 
wv_press_tool_button {Custom WaveView} {} {RecentFile0} 
wv_select_tree_item {Custom WaveView} {} {hierview} {D0:aoi21_1x_testbench.tr0(0)} {0} {+sep=@}
wv_expand_tree_item {Custom WaveView} {} {hierview} {D0:aoi21_1x_testbench.tr0(0)} {+sep=@}
wv_select_tree_item {Custom WaveView} {} {hierview} {D0:aoi21_1x_testbench.tr0(0)} {0} {+sep=@}
wv_move_window {Custom WaveView} {} 293 108
wv_select_tree_item {Custom WaveView} {} {hierview} {D0:aoi21_1x_testbench.tr0(0)@toplevel(0)} {0} {+sep=@}
wv_select_list_item {Custom WaveView} {} {sigview} {v(a)} 6
wv_dclick_list_item {Custom WaveView} {} {sigview} {v(a)} 6
wv_select_list_item {Custom WaveView} {} {sigview} {v(b)} 7
wv_dclick_list_item {Custom WaveView} {} {sigview} {v(b)} 7
wv_select_list_item {Custom WaveView} {} {sigview} {v(c)} 8
wv_select_list_item {Custom WaveView} {} {sigview} {v(c)} 8
wv_dclick_list_item {Custom WaveView} {} {sigview} {v(c)} 8
wv_select_list_item {Custom WaveView} {} {sigview} {v(f)} 9
wv_dclick_list_item {Custom WaveView} {} {sigview} {v(f)} 9
wv_press_tool_button {Custom WaveView} {} {WaveformMeasurementTool0} 
wv_select_dialog {MeasurementTool} 
wv_select_combox_item {MeasurementTool} {} {RefSignal} "v(f) aoi21_1x_testbench.tr0" 3
wv_press_button {MeasurementTool} {} {Apply} 
wv_select_combox_item {MeasurementTool} {} {Signal} "v(b) aoi21_1x_testbench.tr0" 1
wv_press_button {MeasurementTool} {} {Apply} 
wv_select_combox_item {MeasurementTool} {} {Signal} "v(c) aoi21_1x_testbench.tr0" 2
wv_press_button {MeasurementTool} {} {Ok} 
wv_select_window {Custom WaveView} 
wv_move_window {Custom WaveView} {} 138 72
wv_move_window {Custom WaveView} {} 1117 580
wv_resize_browser {Custom WaveView} {} {WV.Browser} 250 246
wv_resize_browser {Custom WaveView} {} {waveview 1:1} 418 220
wv_resize_window {Custom WaveView} 678 389
wv_move_window {Custom WaveView} {} 399 118
wv_resize_browser {Custom WaveView} {} {WV.Browser} 250 460
wv_resize_browser {Custom WaveView} {} {waveview 1:1} 898 434
wv_resize_window {Custom WaveView} 1158 603
wv_resize_browser {Custom WaveView} {} {WV.Browser} 250 478
wv_resize_browser {Custom WaveView} {} {waveview 1:1} 896 452
wv_resize_window {Custom WaveView} 1156 621
wv_select_waveview 1 {waveview 1}
wv_select_wv_item WV1.MEAS2
wv_drag_item_to WV1 361 179
wv_move_wv_item WV1.MEAS2 294 131
wv_select_waveview 1 {waveview 1}
wv_select_wv_item WV1.MEAS3
wv_drag_item_to WV1 357 193
wv_move_wv_item WV1.MEAS3 299 263
wv_select_waveview 1 {waveview 1}
wv_select_wv_item WV1.MEAS2
wv_drag_item_to WV1 351 152
wv_move_wv_item WV1.MEAS2 299 169
wv_press_tool_button {Custom WaveView} {} {DumpScreen0} 
wv_select_dialog {SaveScreenDump} 
wv_set_text {SaveScreenDump} {} {SaveToFile} "outputRise"
wv_press_button {SaveScreenDump} {} {Save} 
